<?xml version="1.0" encoding="UTF-8"?>
<!-- Generated by org.testng.reporters.JUnitReportReporter -->
<testsuite hostname="DESKTOP-FVL7V1F" failures="0" tests="1" name="TestCases.LoginTest" time="2.956" errors="0" timestamp="2023-09-09T00:15:57 IST" skipped="0">
  <testcase classname="TestCases.LoginTest" name="Adminlogin" time="2.956"/>
</testsuite> <!-- TestCases.LoginTest -->
