<?xml version="1.0" encoding="UTF-8"?>
<!-- Generated by org.testng.reporters.JUnitReportReporter -->
<testsuite hostname="DESKTOP-FVL7V1F" failures="0" tests="1" name="TestCases.Add_stock_itemsTest" time="12.056" errors="0" timestamp="2023-09-11T18:30:20 IST" skipped="0">
  <testcase classname="TestCases.Add_stock_itemsTest" name="stock" time="12.056"/>
</testsuite> <!-- TestCases.Add_stock_itemsTest -->
